<?xml version="1.0" encoding="UTF-8"?>
<!-- Generated by org.testng.reporters.JUnitXMLReporter -->
<testsuite ignored="0" hostname="LAPTOP-EP26A9T0" failures="3" tests="15" name="Test" time="0.081" errors="0" timestamp="2025-03-11T17:25:46 IST">
  <testcase classname="testscripts.QaLegend_userstest" name="createaUser" time="0.01">
    <skipped/>
  </testcase> <!-- createaUser -->
  <testcase classname="testscripts.QaLegend_userstest" name="createaUser" time="0.001">
    <skipped/>
  </testcase> <!-- createaUser -->
  <testcase classname="testscripts.QaLegend_userstest" name="createaUser" time="0.001">
    <skipped/>
  </testcase> <!-- createaUser -->
  <testcase classname="testscripts.QaLegend_userstest" name="createaUser" time="0.002">
    <skipped/>
  </testcase> <!-- createaUser -->
  <testcase classname="testscripts.QaLegend_userstest" name="createaUser" time="0.002">
    <failure type="java.lang.NullPointerException" message="Cannot invoke &amp;quot;java.util.Properties.getProperty(String)&amp;quot; because &amp;quot;this.prop&amp;quot; is null">
      <![CDATA[java.lang.NullPointerException: Cannot invoke "java.util.Properties.getProperty(String)" because "this.prop" is null
at testscripts.QaLegend_userstest.createaUser(QaLegend_userstest.java:57)
at java.base/java.util.concurrent.ThreadPoolExecutor.runWorker(ThreadPoolExecutor.java:1144)
at java.base/java.util.concurrent.ThreadPoolExecutor$Worker.run(ThreadPoolExecutor.java:642)
at java.base/java.lang.Thread.run(Thread.java:1570)
... Removed 10 stack frames]]>
    </failure>
  </testcase> <!-- createaUser -->
  <testcase classname="testscripts.QaLegend_userstest" name="deleteUser" time="0.002">
    <skipped/>
  </testcase> <!-- deleteUser -->
  <testcase classname="testscripts.QaLegend_userstest" name="deleteUser" time="0.002">
    <skipped/>
  </testcase> <!-- deleteUser -->
  <testcase classname="testscripts.QaLegend_userstest" name="deleteUser" time="0.0">
    <skipped/>
  </testcase> <!-- deleteUser -->
  <testcase classname="testscripts.QaLegend_userstest" name="deleteUser" time="0.001">
    <skipped/>
  </testcase> <!-- deleteUser -->
  <testcase classname="testscripts.QaLegend_userstest" name="deleteUser" time="0.001">
    <failure type="java.lang.NullPointerException" message="Cannot invoke &amp;quot;java.util.Properties.getProperty(String)&amp;quot; because &amp;quot;this.prop&amp;quot; is null">
      <![CDATA[java.lang.NullPointerException: Cannot invoke "java.util.Properties.getProperty(String)" because "this.prop" is null
at testscripts.QaLegend_userstest.deleteUser(QaLegend_userstest.java:76)
at java.base/java.util.concurrent.ThreadPoolExecutor.runWorker(ThreadPoolExecutor.java:1144)
at java.base/java.util.concurrent.ThreadPoolExecutor$Worker.run(ThreadPoolExecutor.java:642)
at java.base/java.lang.Thread.run(Thread.java:1570)
... Removed 10 stack frames]]>
    </failure>
  </testcase> <!-- deleteUser -->
  <testcase classname="testscripts.QaLegend_userstest" name="editUser" time="0.001">
    <skipped/>
  </testcase> <!-- editUser -->
  <testcase classname="testscripts.QaLegend_userstest" name="editUser" time="0.0">
    <skipped/>
  </testcase> <!-- editUser -->
  <testcase classname="testscripts.QaLegend_userstest" name="editUser" time="0.0">
    <skipped/>
  </testcase> <!-- editUser -->
  <testcase classname="testscripts.QaLegend_userstest" name="editUser" time="0.001">
    <skipped/>
  </testcase> <!-- editUser -->
  <testcase classname="testscripts.QaLegend_userstest" name="editUser" time="0.001">
    <failure type="java.lang.NullPointerException" message="Cannot invoke &amp;quot;java.util.Properties.getProperty(String)&amp;quot; because &amp;quot;this.prop&amp;quot; is null">
      <![CDATA[java.lang.NullPointerException: Cannot invoke "java.util.Properties.getProperty(String)" because "this.prop" is null
at testscripts.QaLegend_userstest.editUser(QaLegend_userstest.java:95)
at java.base/java.util.concurrent.ThreadPoolExecutor.runWorker(ThreadPoolExecutor.java:1144)
at java.base/java.util.concurrent.ThreadPoolExecutor$Worker.run(ThreadPoolExecutor.java:642)
at java.base/java.lang.Thread.run(Thread.java:1570)
... Removed 10 stack frames]]>
    </failure>
  </testcase> <!-- editUser -->
</testsuite> <!-- Test -->
